\BOOKMARK [0][-]{Doc-Start}{Abstract}{}% 1
\BOOKMARK [0][-]{chapter*.1}{Acknowledgments}{}% 2
\BOOKMARK [0][-]{section*.2}{Contents}{}% 3
\BOOKMARK [0][-]{section*.3}{List of Figures}{}% 4
\BOOKMARK [0][-]{chapter.1}{Introduction}{}% 5
\BOOKMARK [1][-]{section.1.1}{Boundaries}{chapter.1}% 6
\BOOKMARK [0][-]{chapter.2}{Background and Related Work}{}% 7
\BOOKMARK [1][-]{section.2.1}{HTTP-based Adaptive Streaming}{chapter.2}% 8
\BOOKMARK [1][-]{section.2.2}{Non-linear Streaming and Multipath}{chapter.2}% 9
\BOOKMARK [1][-]{section.2.3}{Strobe Media Playback}{chapter.2}% 10
\BOOKMARK [0][-]{chapter.3}{System Design}{}% 11
\BOOKMARK [1][-]{section.3.1}{Interface Design}{chapter.3}% 12
\BOOKMARK [1][-]{section.3.2}{Prefetching Principle}{chapter.3}% 13
\BOOKMARK [1][-]{section.3.3}{Server Integration}{chapter.3}% 14
\BOOKMARK [1][-]{section.3.4}{Relative Placement of Geographical Points}{chapter.3}% 15
\BOOKMARK [1][-]{section.3.5}{Technical Details}{chapter.3}% 16
\BOOKMARK [1][-]{section.3.6}{Server and Video Application}{chapter.3}% 17
\BOOKMARK [0][-]{chapter.4}{Validated Results}{}% 18
\BOOKMARK [1][-]{section.4.1}{Position Algorithm}{chapter.4}% 19
\BOOKMARK [1][-]{section.4.2}{Geo-based Streaming}{chapter.4}% 20
\BOOKMARK [1][-]{section.4.3}{Consistency with On-demand Switching}{chapter.4}% 21
\BOOKMARK [0][-]{chapter.5}{Discussion}{}% 22
\BOOKMARK [1][-]{section.5.1}{Understanding the Provided Code}{chapter.5}% 23
\BOOKMARK [1][-]{section.5.2}{Issues with HAS and Prefetching}{chapter.5}% 24
\BOOKMARK [1][-]{section.5.3}{Improvements to the Position Algorithm}{chapter.5}% 25
\BOOKMARK [1][-]{section.5.4}{The Test Case}{chapter.5}% 26
\BOOKMARK [1][-]{section.5.5}{Adobe Flash}{chapter.5}% 27
\BOOKMARK [1][-]{section.5.6}{Issues with the Server}{chapter.5}% 28
\BOOKMARK [1][-]{section.5.7}{Project Structure Improvements}{chapter.5}% 29
\BOOKMARK [1][-]{section.5.8}{Work in a Wider Context}{chapter.5}% 30
\BOOKMARK [0][-]{chapter.6}{Conclusion}{}% 31
