\BOOKMARK [0][-]{Doc-Start}{Abstract}{}% 1
\BOOKMARK [0][-]{chapter*.1}{Acknowledgments}{}% 2
\BOOKMARK [0][-]{section*.2}{Contents}{}% 3
\BOOKMARK [0][-]{section*.3}{List of Figures}{}% 4
\BOOKMARK [0][-]{section*.4}{List of Tables}{}% 5
\BOOKMARK [0][-]{chapter.1}{Introduction}{}% 6
\BOOKMARK [1][-]{section.1.1}{Boundaries}{chapter.1}% 7
\BOOKMARK [0][-]{chapter.2}{Background and Related Work}{}% 8
\BOOKMARK [1][-]{section.2.1}{HTTP-based Adaptive Streaming}{chapter.2}% 9
\BOOKMARK [1][-]{section.2.2}{Non-linear Streaming and Multipath}{chapter.2}% 10
\BOOKMARK [1][-]{section.2.3}{Strobe Media Playback}{chapter.2}% 11
\BOOKMARK [0][-]{chapter.3}{System Design}{}% 12
\BOOKMARK [1][-]{section.3.1}{Interface design}{chapter.3}% 13
\BOOKMARK [1][-]{section.3.2}{Multipath}{chapter.3}% 14
\BOOKMARK [1][-]{section.3.3}{Relative placement of Geographical Points}{chapter.3}% 15
\BOOKMARK [1][-]{section.3.4}{Geographical Position algorithm}{chapter.3}% 16
\BOOKMARK [1][-]{section.3.5}{Limitations and Accuracy}{chapter.3}% 17
\BOOKMARK [1][-]{section.3.6}{Technical details}{chapter.3}% 18
\BOOKMARK [1][-]{section.3.7}{Server and video application}{chapter.3}% 19
\BOOKMARK [0][-]{chapter.4}{Validated Results}{}% 20
\BOOKMARK [1][-]{section.4.1}{Position Algorithm}{chapter.4}% 21
\BOOKMARK [1][-]{section.4.2}{Geo-based Streaming}{chapter.4}% 22
\BOOKMARK [0][-]{chapter.5}{Discussion}{}% 23
\BOOKMARK [0][-]{chapter.6}{Conclusion}{}% 24
